[debug] [2019-08-15T18:55:43.783Z] ----------------------------------------------------------------------
[debug] [2019-08-15T18:55:43.791Z] Command:       C:\Program Files\nodejs\node.exe C:\Users\toluc\AppData\Roaming\npm\node_modules\firebase-tools\lib\bin\firebase.js emulators:start --only functions
[debug] [2019-08-15T18:55:43.792Z] CLI Version:   7.2.2
[debug] [2019-08-15T18:55:43.792Z] Platform:      win32
[debug] [2019-08-15T18:55:43.792Z] Node Version:  v10.16.0
[debug] [2019-08-15T18:55:43.795Z] Time:          Thu Aug 15 2019 13:55:43 GMT-0500 (GMT-05:00)
[debug] [2019-08-15T18:55:43.796Z] ----------------------------------------------------------------------
[debug] 
[debug] [2019-08-15T18:55:43.830Z] > command requires scopes: ["email","openid","https://www.googleapis.com/auth/cloudplatformprojects.readonly","https://www.googleapis.com/auth/firebase","https://www.googleapis.com/auth/cloud-platform"]
[debug] [2019-08-15T18:55:43.833Z] > authorizing via signed-in user
[info] i  Starting emulators: ["functions"]
[warn] !  Your requested "node" version "8" doesn't match your global version "10"
[debug] [2019-08-15T18:55:43.975Z] > refreshing access token with scopes: ["email","https://www.googleapis.com/auth/cloud-platform","https://www.googleapis.com/auth/cloudplatformprojects.readonly","https://www.googleapis.com/auth/firebase","openid"]
[debug] [2019-08-15T18:55:43.975Z] >>> HTTP REQUEST POST https://www.googleapis.com/oauth2/v3/token  
 <request body omitted>
[debug] [2019-08-15T18:55:44.466Z] <<< HTTP RESPONSE 200
[debug] [2019-08-15T18:55:44.552Z] >>> HTTP REQUEST GET https://firebase.googleapis.com/v1beta1/projects/sumagro-backend/adminSdkConfig  
 
[debug] [2019-08-15T18:55:45.149Z] <<< HTTP RESPONSE 200
[info] +  functions: Emulator started at http://localhost:5001
[info] i  functions: Watching "C:\Users\toluc\Documents\smart-health-solution\sumagro-backendv2\functions" for Cloud Functions...
[debug] [2019-08-15T18:55:48.286Z] [runtime-status] Functions runtime initialized. {"cwd":"C:\\Users\\toluc\\Documents\\smart-health-solution\\sumagro-backendv2\\functions","node_version":"10.16.0"}
[debug] [2019-08-15T18:55:48.287Z] [runtime-status] Disabled runtime features: undefined {}
[debug] [2019-08-15T18:55:48.299Z] [runtime-status] Resolved module firebase-admin {"declared":true,"installed":true,"version":"8.3.0","resolution":"C:\\Users\\toluc\\Documents\\smart-health-solution\\sumagro-backendv2\\functions\\node_modules\\firebase-admin\\lib\\index.js"}
[debug] [2019-08-15T18:55:48.306Z] [runtime-status] Resolved module firebase-functions {"declared":true,"installed":true,"version":"3.0.2","resolution":"C:\\Users\\toluc\\Documents\\smart-health-solution\\sumagro-backendv2\\functions\\node_modules\\firebase-functions\\lib\\index.js"}
[debug] [2019-08-15T18:55:49.519Z] [runtime-status] Found google-gax at C:\Users\toluc\Documents\smart-health-solution\sumagro-backendv2\functions\node_modules\google-gax\build\src\index.js {}
[debug] [2019-08-15T18:55:49.520Z] [runtime-status] Outgoing network have been stubbed. [{"name":"http","status":"mocked"},{"name":"http","status":"mocked"},{"name":"https","status":"mocked"},{"name":"https","status":"mocked"},{"name":"net","status":"mocked"},{"name":"google-gax","status":"mocked"}]
[debug] [2019-08-15T18:55:49.739Z] [runtime-status] Checked functions.config() {"config":{}}
[debug] [2019-08-15T18:55:49.742Z] [runtime-status] Resolved module firebase-functions {"declared":true,"installed":true,"version":"3.0.2","resolution":"C:\\Users\\toluc\\Documents\\smart-health-solution\\sumagro-backendv2\\functions\\node_modules\\firebase-functions\\lib\\index.js"}
[debug] [2019-08-15T18:55:49.747Z] [runtime-status] Resolved module firebase-admin {"declared":true,"installed":true,"version":"8.3.0","resolution":"C:\\Users\\toluc\\Documents\\smart-health-solution\\sumagro-backendv2\\functions\\node_modules\\firebase-admin\\lib\\index.js"}
[debug] [2019-08-15T18:55:49.895Z] [runtime-status] firebase-admin has been stubbed. {"adminResolution":{"declared":true,"installed":true,"version":"8.3.0","resolution":"C:\\Users\\toluc\\Documents\\smart-health-solution\\sumagro-backendv2\\functions\\node_modules\\firebase-admin\\lib\\index.js"}}
[debug] [2019-08-15T18:55:51.781Z] [runtime-status] initializeApp(DEFAULT) {"databaseURL":"https://sumagro-backend.firebaseio.com","storageBucket":"sumagro-backend.appspot.com","projectId":"sumagro-backend","credential":{"certificate":{"projectId":"sumagro-backend","privateKey":"-----BEGIN PRIVATE KEY-----\nMIIEvwIBADANBgkqhkiG9w0BAQEFAASCBKkwggSlAgEAAoIBAQC9NrFCHEGunVIH\nxlVxsQ8IUMRwi940yQEV9zhKhw+GieB9Gf3581NOpDePpu0VBIFGMWpbl0rk6CSc\nilWW6ocByxFkqMyA6w4taxHU8cmzRUdw53nuvZhojTnH1nrjUwnD0JKAkI9LVtfy\nZQrMFEZCzhutqK6xWAEX8MukUY1R4RKThwQBghplYlsabWeLn0ASwCh0ZT1udsIJ\ngL98TIFHspZrG4HFUzUClHyUs1312tiygtReSb8JdwFHzFO6uRE+rBnJbXbVSFs+\nOUZtbRvMQZ39qv4ltqltsq/wBMWWfvcdjsw5TulfLJYF3EbaObgoxZhBVBkGNcVe\ne8NIkrzRAgMBAAECggEABosOpC+f9y7fjanxKHur/mifR8O+d8AqYR0UfZdKv9H4\nHmYOCge9GMTFsG+1q9APvGKsapBtJESsMhxNNhPUKV62skQYFlk1O02EPK3ugLGO\nSpGRU402Pl9Wi9pB6PyPzjgMk5TsL6Ry1qIMi97OSInMxpDvwZg+fsUdSwhlmlre\ni3uI0WNvDV5cnhi1rQMJOAfPvOK2CSXeBZh+xZV75yUFLPp+ihkHMpcWM3kessPp\nuwPXXivkRkrbPO8SPO4H1j6t44B+FzwaDd/VOWa7109hl7P/qND7vLELoje9l/FP\nIjSvFb1XuVwBlfZq85mIbCUuBT12ojouvpD7+wFUBQKBgQD0H8VlGU0Xf+sUOn+S\nIcDRVfrbirXY65Jqt0Pjr06DlrVw51uS3Wr7zkpLhPmXLESor0BFjE2JZ2VCVS54\nv5MNaMLhn2bo9z37Ilrr2KxKsdr5yZmKt6F54CwGNTGSDp/LXHk+HIBVP0NyTqYA\nmfTTuJPDROtViGVxJ2QziRWE2wKBgQDGaxZXwJsTTCxP5bDJbw9RNdID+fAgVp+b\nHnHU+giN1G26scLGIvUkgDP2aSbpenwdFORiFmiF9oJhVFPshuwYD8Ms2REuORAQ\n4/ebiwGDpZPV5THKipal7oGLDQQYfot/jGQkEpeqmWiP5SXUdoJqB0OfeMvhKLO3\nWF6zZ/y+wwKBgQDnH7lEGSsqp3oJ4cRrtrcVueBRwEagQ4+Qp0eIJa4g2SuY5AGH\nz0d9dPZT/2ZKIKg0SA+CiO3Tu+dbYMgpm75+gIOZFtBYmdO9ku4fwjiEU1StDpfm\nhCpF993WVsBCtsPExh0nl9ZMXyPc8ecqRJhNZr/GrNZdWVApTBEK1atg5wKBgQCZ\nwKGvnjCM45nyz6oObWERLQNw0Vyhsn47VXwf7SBzxwjAgr7LiosrnaymZRUiFyfV\n4TqYR4T3Se3+PbpKrsKEYrJ7LjmB9/XbIMveW/jwan4EYXYT3RCfxBHeDlf+IxE1\n5TQ0P7QHHplH5+lImgy03KwqBxD1iPS6PmAj5ZCUwQKBgQCabaofYJZN9GyXKUua\nMrzqvEAt4VXUGT4VIoFm/sUj4Zqt9qOTFz1oxVCi6k+vma/hEL2lVZWkTr2os6MK\nvSC8+EszXRU+eXS494EAIh0P+g++s2Xs3UHtNn3Fbu3Jbxs9fXQMziA3mCmvxV/2\nVqugOPwizLxUrGxgDpRZjt9vFQ==\n-----END PRIVATE KEY-----\n","clientEmail":"firebase-adminsdk-j3vb8@sumagro-backend.iam.gserviceaccount.com"},"httpClient":{"retry":{"maxRetries":4,"statusCodes":[503],"ioErrorCodes":["ECONNRESET","ETIMEDOUT"],"backOffFactor":0.5,"maxDelayInMillis":60000}}}}
[warn] !  functions: The Realtime Database emulator is not running, so calls to Realtime Database will affect production.
[info] +  functions[app]: http function initialized (http://localhost:5001/sumagro-backend/us-central1/app).
[info] +  All emulators started, it is now safe to connect.
[debug] [2019-08-15T18:56:11.762Z] Accepted request POST /sumagro-backend/us-central1/app/sumagro-app/register --> app
[debug] [2019-08-15T18:56:14.803Z] [runtime-status] Functions runtime initialized. {"cwd":"C:\\Users\\toluc\\Documents\\smart-health-solution\\sumagro-backendv2\\functions","node_version":"10.16.0"}
[info] i  functions: Beginning execution of "app"
[debug] [2019-08-15T18:56:14.806Z] [runtime-status] Disabled runtime features: undefined {}
[debug] [2019-08-15T18:56:14.823Z] [runtime-status] Resolved module firebase-admin {"declared":true,"installed":true,"version":"8.3.0","resolution":"C:\\Users\\toluc\\Documents\\smart-health-solution\\sumagro-backendv2\\functions\\node_modules\\firebase-admin\\lib\\index.js"}
[debug] [2019-08-15T18:56:14.830Z] [runtime-status] Resolved module firebase-functions {"declared":true,"installed":true,"version":"3.0.2","resolution":"C:\\Users\\toluc\\Documents\\smart-health-solution\\sumagro-backendv2\\functions\\node_modules\\firebase-functions\\lib\\index.js"}
[debug] [2019-08-15T18:56:16.870Z] [runtime-status] Found google-gax at C:\Users\toluc\Documents\smart-health-solution\sumagro-backendv2\functions\node_modules\google-gax\build\src\index.js {}
[debug] [2019-08-15T18:56:16.873Z] [runtime-status] Outgoing network have been stubbed. [{"name":"http","status":"mocked"},{"name":"http","status":"mocked"},{"name":"https","status":"mocked"},{"name":"https","status":"mocked"},{"name":"net","status":"mocked"},{"name":"google-gax","status":"mocked"}]
[debug] [2019-08-15T18:56:17.219Z] [runtime-status] Checked functions.config() {"config":{}}
[debug] [2019-08-15T18:56:17.225Z] [runtime-status] Resolved module firebase-functions {"declared":true,"installed":true,"version":"3.0.2","resolution":"C:\\Users\\toluc\\Documents\\smart-health-solution\\sumagro-backendv2\\functions\\node_modules\\firebase-functions\\lib\\index.js"}
[debug] [2019-08-15T18:56:17.231Z] [runtime-status] Resolved module firebase-admin {"declared":true,"installed":true,"version":"8.3.0","resolution":"C:\\Users\\toluc\\Documents\\smart-health-solution\\sumagro-backendv2\\functions\\node_modules\\firebase-admin\\lib\\index.js"}
[debug] [2019-08-15T18:56:17.500Z] [runtime-status] firebase-admin has been stubbed. {"adminResolution":{"declared":true,"installed":true,"version":"8.3.0","resolution":"C:\\Users\\toluc\\Documents\\smart-health-solution\\sumagro-backendv2\\functions\\node_modules\\firebase-admin\\lib\\index.js"}}
[debug] [2019-08-15T18:56:21.046Z] [runtime-status] initializeApp(DEFAULT) {"databaseURL":"https://sumagro-backend.firebaseio.com","storageBucket":"sumagro-backend.appspot.com","projectId":"sumagro-backend","credential":{"certificate":{"projectId":"sumagro-backend","privateKey":"-----BEGIN PRIVATE KEY-----\nMIIEvwIBADANBgkqhkiG9w0BAQEFAASCBKkwggSlAgEAAoIBAQC9NrFCHEGunVIH\nxlVxsQ8IUMRwi940yQEV9zhKhw+GieB9Gf3581NOpDePpu0VBIFGMWpbl0rk6CSc\nilWW6ocByxFkqMyA6w4taxHU8cmzRUdw53nuvZhojTnH1nrjUwnD0JKAkI9LVtfy\nZQrMFEZCzhutqK6xWAEX8MukUY1R4RKThwQBghplYlsabWeLn0ASwCh0ZT1udsIJ\ngL98TIFHspZrG4HFUzUClHyUs1312tiygtReSb8JdwFHzFO6uRE+rBnJbXbVSFs+\nOUZtbRvMQZ39qv4ltqltsq/wBMWWfvcdjsw5TulfLJYF3EbaObgoxZhBVBkGNcVe\ne8NIkrzRAgMBAAECggEABosOpC+f9y7fjanxKHur/mifR8O+d8AqYR0UfZdKv9H4\nHmYOCge9GMTFsG+1q9APvGKsapBtJESsMhxNNhPUKV62skQYFlk1O02EPK3ugLGO\nSpGRU402Pl9Wi9pB6PyPzjgMk5TsL6Ry1qIMi97OSInMxpDvwZg+fsUdSwhlmlre\ni3uI0WNvDV5cnhi1rQMJOAfPvOK2CSXeBZh+xZV75yUFLPp+ihkHMpcWM3kessPp\nuwPXXivkRkrbPO8SPO4H1j6t44B+FzwaDd/VOWa7109hl7P/qND7vLELoje9l/FP\nIjSvFb1XuVwBlfZq85mIbCUuBT12ojouvpD7+wFUBQKBgQD0H8VlGU0Xf+sUOn+S\nIcDRVfrbirXY65Jqt0Pjr06DlrVw51uS3Wr7zkpLhPmXLESor0BFjE2JZ2VCVS54\nv5MNaMLhn2bo9z37Ilrr2KxKsdr5yZmKt6F54CwGNTGSDp/LXHk+HIBVP0NyTqYA\nmfTTuJPDROtViGVxJ2QziRWE2wKBgQDGaxZXwJsTTCxP5bDJbw9RNdID+fAgVp+b\nHnHU+giN1G26scLGIvUkgDP2aSbpenwdFORiFmiF9oJhVFPshuwYD8Ms2REuORAQ\n4/ebiwGDpZPV5THKipal7oGLDQQYfot/jGQkEpeqmWiP5SXUdoJqB0OfeMvhKLO3\nWF6zZ/y+wwKBgQDnH7lEGSsqp3oJ4cRrtrcVueBRwEagQ4+Qp0eIJa4g2SuY5AGH\nz0d9dPZT/2ZKIKg0SA+CiO3Tu+dbYMgpm75+gIOZFtBYmdO9ku4fwjiEU1StDpfm\nhCpF993WVsBCtsPExh0nl9ZMXyPc8ecqRJhNZr/GrNZdWVApTBEK1atg5wKBgQCZ\nwKGvnjCM45nyz6oObWERLQNw0Vyhsn47VXwf7SBzxwjAgr7LiosrnaymZRUiFyfV\n4TqYR4T3Se3+PbpKrsKEYrJ7LjmB9/XbIMveW/jwan4EYXYT3RCfxBHeDlf+IxE1\n5TQ0P7QHHplH5+lImgy03KwqBxD1iPS6PmAj5ZCUwQKBgQCabaofYJZN9GyXKUua\nMrzqvEAt4VXUGT4VIoFm/sUj4Zqt9qOTFz1oxVCi6k+vma/hEL2lVZWkTr2os6MK\nvSC8+EszXRU+eXS494EAIh0P+g++s2Xs3UHtNn3Fbu3Jbxs9fXQMziA3mCmvxV/2\nVqugOPwizLxUrGxgDpRZjt9vFQ==\n-----END PRIVATE KEY-----\n","clientEmail":"firebase-adminsdk-j3vb8@sumagro-backend.iam.gserviceaccount.com"},"httpClient":{"retry":{"maxRetries":4,"statusCodes":[503],"ioErrorCodes":["ECONNRESET","ETIMEDOUT"],"backOffFactor":0.5,"maxDelayInMillis":60000}}}}
[warn] !  functions: The Realtime Database emulator is not running, so calls to Realtime Database will affect production.
[debug] [2019-08-15T18:56:22.111Z] [runtime-status] Trigger "app" has been found, beginning invocation! {}
[debug] [2019-08-15T18:56:22.111Z] [runtime-status]  {"httpsTrigger":{},"name":"app","entryPoint":"app"}
[debug] [2019-08-15T18:56:22.112Z] [runtime-status] Running app in mode HTTPS {}
[debug] [2019-08-15T18:56:22.144Z] {"socketPath":"\\\\?\\pipe\\C:\\Users\\toluc\\Documents\\smart-health-solution\\sumagro-backendv2\\functions\\5312"}
[debug] [2019-08-15T18:56:22.157Z] [functions] Runtime ready! Sending request! {"socketPath":"\\\\?\\pipe\\C:\\Users\\toluc\\Documents\\smart-health-solution\\sumagro-backendv2\\functions\\5312"}
[debug] [2019-08-15T18:56:22.645Z] [runtime-status] Ephemeral server used! {}
[info] >  [2019-08-15T13:56:22.662] [INFO] default - Controller: Methos createUser Starting
[info] >  [2019-08-15T13:56:22.674] [INFO] default - DAO: Method getUserById Starting
[info] >  [2019-08-15T13:56:22.676] [DEBUG] default - DAO: Method getUserById Ending
[debug] [2019-08-15T18:56:22.693Z] [runtime-status] Ephemeral server survived. {}
[info] >  [2019-08-15T13:56:22.851] [INFO] default - Client MYSQL Conected!!
[info] >  [2019-08-15T13:56:22.852] [INFO] default - Client MYSQL Conected!!
[info] >  [2019-08-15T13:56:22.853] [INFO] default - Client MYSQL Conected!!
[info] >  [2019-08-15T13:56:22.871] [INFO] default - Client MYSQL Conected!!
[info] >  [2019-08-15T13:56:22.872] [INFO] default - Client MYSQL Conected!!
[info] >  [2019-08-15T13:56:22.877] [INFO] default - Client MYSQL Conected!!
[info] >  [2019-08-15T13:56:22.878] [INFO] default - Client MYSQL Conected!!
[info] >  [2019-08-15T13:56:22.878] [INFO] default - Client MYSQL Conected!!
[info] >  [2019-08-15T13:56:22.880] [INFO] default - Client MYSQL Conected!!
[info] >  [2019-08-15T13:56:22.881] [INFO] default - Client MYSQL Conected!!
[info] >  [2019-08-15T13:56:22.883] [INFO] default - Client MYSQL Conected!!
[info] >  [2019-08-15T13:56:22.884] [INFO] default - Client MYSQL Conected!!
[info] >  [2019-08-15T13:56:22.888] [INFO] default - Client MYSQL Conected!!
[info] >  [2019-08-15T13:56:22.894] [INFO] default - Client MYSQL Conected!!
[info] >  [2019-08-15T13:56:22.897] [INFO] default - Client MYSQL Conected!!
[info] >  [2019-08-15T13:56:22.901] [INFO] default - Client MYSQL Conected!!
[info] >  [2019-08-15T13:56:22.902] [INFO] default - Client MYSQL Conected!!
[info] >  []
[info] >  [2019-08-15T13:56:23.122] [INFO] default - DAO: Method createUserFirebase Starting
[info] >  [2019-08-15T13:56:24.349] [INFO] default - Successfully created new user: 1trokqDjUmgMhMTofgzVjUFHkoR2
[info] >  [2019-08-15T13:56:24.441] [INFO] default - DAO: Method createUser Starting
[info] >  [2019-08-15T13:56:24.441] [DEBUG] default - DAO: Method createUser Ending
[info] >  [2019-08-15T13:56:24.443] [DEBUG] default - DAO: Method createUserFirebase Ending
[info] >  [2019-08-15T13:56:24.652] [INFO] default - NODEMAILER: Method sendMailNewAccount Starting
[info] >  [2019-08-15T13:56:24.652] [INFO] default - CREDENTIALS:  {"email":"sumaprueb1a@yopmail.com","password":"PhBKxRVz"}
[info] >  [2019-08-15T13:56:24.652] [INFO] default - sumaprueb1a@yopmail.com
[info] >  [2019-08-15T13:56:24.658] [INFO] default - pasas
[info] >  [2019-08-15T13:56:24.677] [DEBUG] default - NODEMAILER: Method sendMailNewAccount Ending
[info] >  [2019-08-15T13:56:24.685] [DEBUG] default - Controller: Method createUser Ending
[info] i  functions: Finished "app" in ~2s
